0 verbose cli /usr/local/bin/node /usr/local/bin/npm
1 info using npm@10.7.0
2 info using node@v20.14.0
3 silly config:load:file:/usr/local/lib/node_modules/npm/npmrc
4 silly config:load:file:/data/.npmrc
5 silly config:load:file:/usr/src/node-red/.npmrc
6 silly config:load:file:/usr/local/etc/npmrc
7 verbose title npm install node-red-contrib-influxdb-backup@0.1.0
8 verbose argv "install" "--no-audit" "--no-update-notifier" "--no-fund" "--save" "--save-prefix" "~" "--omit" "dev" "--engine-strict" "node-red-contrib-influxdb-backup@0.1.0"
9 verbose logfile logs-max:10 dir:/data/.npm/_logs/2024-06-23T12_49_59_528Z-
10 verbose logfile /data/.npm/_logs/2024-06-23T12_49_59_528Z-debug-0.log
11 silly logfile start cleaning logs, removing 1 files
12 silly logfile done cleaning log files
13 silly idealTree buildDeps
14 silly fetch manifest node-red-contrib-influxdb-backup@0.1.0
15 verbose shrinkwrap failed to load node_modules/.package-lock.json out of date, updated: node_modules
16 http fetch GET 200 https://registry.npmjs.org/node-red-contrib-influxdb-backup 1073ms (cache miss)
17 silly placeDep ROOT node-red-contrib-influxdb-backup@0.1.0 OK for: node-red-project@0.0.1 want: 0.1.0
18 silly fetch manifest util@^0.12.3
19 silly fetch manifest pako@^1.0.11
20 silly fetch manifest promisify-child-process@^4.1.1
21 http fetch GET 200 https://registry.npmjs.org/util 159ms (cache miss)
22 http fetch GET 200 https://registry.npmjs.org/promisify-child-process 426ms (cache miss)
23 http fetch GET 200 https://registry.npmjs.org/pako 469ms (cache miss)
24 silly placeDep ROOT pako@1.0.11 OK for: node-red-contrib-influxdb-backup@0.1.0 want: ^1.0.11
25 silly placeDep ROOT promisify-child-process@4.1.2 OK for: node-red-contrib-influxdb-backup@0.1.0 want: ^4.1.1
26 silly placeDep ROOT util@0.12.5 OK for: node-red-contrib-influxdb-backup@0.1.0 want: ^0.12.3
27 silly fetch manifest is-arguments@^1.0.4
28 silly fetch manifest is-generator-function@^1.0.7
29 silly fetch manifest is-typed-array@^1.1.3
30 http fetch GET 200 https://registry.npmjs.org/is-generator-function 135ms (cache miss)
31 silly fetch manifest which-typed-array@^1.1.2
32 http fetch GET 200 https://registry.npmjs.org/is-arguments 160ms (cache miss)
33 http fetch GET 200 https://registry.npmjs.org/is-typed-array 174ms (cache miss)
34 http fetch GET 200 https://registry.npmjs.org/which-typed-array 143ms (cache miss)
35 silly placeDep ROOT is-arguments@1.1.1 OK for: util@0.12.5 want: ^1.0.4
36 silly placeDep ROOT is-generator-function@1.0.10 OK for: util@0.12.5 want: ^1.0.7
37 silly placeDep ROOT is-typed-array@1.1.13 OK for: util@0.12.5 want: ^1.1.3
38 silly placeDep ROOT which-typed-array@1.1.15 OK for: util@0.12.5 want: ^1.1.2
39 silly fetch manifest has-tostringtag@^1.0.0
40 silly fetch manifest which-typed-array@^1.1.14
41 silly fetch manifest available-typed-arrays@^1.0.7
42 http fetch GET 200 https://registry.npmjs.org/has-tostringtag 131ms (cache miss)
43 silly fetch manifest call-bind@^1.0.7
44 silly fetch manifest for-each@^0.3.3
45 http fetch GET 200 https://registry.npmjs.org/available-typed-arrays 158ms (cache miss)
46 silly fetch manifest has-tostringtag@^1.0.2
47 http fetch GET 200 https://registry.npmjs.org/call-bind 135ms (cache miss)
48 http fetch GET 200 https://registry.npmjs.org/for-each 143ms (cache miss)
49 silly placeDep ROOT has-tostringtag@1.0.2 OK for: is-arguments@1.1.1 want: ^1.0.0
50 silly placeDep ROOT available-typed-arrays@1.0.7 OK for: which-typed-array@1.1.15 want: ^1.0.7
51 silly placeDep ROOT call-bind@1.0.7 REPLACE for: which-typed-array@1.1.15 want: ^1.0.7
52 silly placeDep ROOT for-each@0.3.3 OK for: which-typed-array@1.1.15 want: ^0.3.3
53 silly fetch manifest possible-typed-array-names@^1.0.0
54 silly fetch manifest es-define-property@^1.0.0
55 silly fetch manifest is-callable@^1.1.3
56 http fetch GET 200 https://registry.npmjs.org/es-define-property 152ms (cache miss)
57 http fetch GET 200 https://registry.npmjs.org/possible-typed-array-names 154ms (cache miss)
58 http fetch GET 200 https://registry.npmjs.org/is-callable 164ms (cache miss)
59 silly placeDep ROOT possible-typed-array-names@1.0.0 OK for: available-typed-arrays@1.0.7 want: ^1.0.0
60 silly placeDep ROOT es-define-property@1.0.0 OK for: call-bind@1.0.7 want: ^1.0.0
61 silly placeDep ROOT is-callable@1.2.7 OK for: for-each@0.3.3 want: ^1.1.3
62 verbose stack Error: Unsupported engine
62 verbose stack     at checkEngine (/usr/local/lib/node_modules/npm/node_modules/npm-install-checks/lib/index.js:14:25)
62 verbose stack     at #checkEngineAndPlatform (/usr/local/lib/node_modules/npm/node_modules/@npmcli/arborist/lib/arborist/build-ideal-tree.js:220:11)
62 verbose stack     at Arborist.buildIdealTree (/usr/local/lib/node_modules/npm/node_modules/@npmcli/arborist/lib/arborist/build-ideal-tree.js:206:41)
62 verbose stack     at async Promise.all (index 1)
62 verbose stack     at async Arborist.reify (/usr/local/lib/node_modules/npm/node_modules/@npmcli/arborist/lib/arborist/reify.js:131:5)
62 verbose stack     at async Install.exec (/usr/local/lib/node_modules/npm/lib/commands/install.js:150:5)
62 verbose stack     at async module.exports (/usr/local/lib/node_modules/npm/lib/cli/entry.js:74:5)
63 verbose pkgid node-red-contrib-ccxt-v2@0.2.13
64 verbose cwd /data
65 verbose Linux 6.5.0-27-generic
66 verbose node v20.14.0
67 verbose npm  v10.7.0
68 error code EBADENGINE
69 error engine Unsupported engine
70 error engine Not compatible with your version of node/npm: node-red-contrib-ccxt-v2@0.2.13
71 error notsup Not compatible with your version of node/npm: node-red-contrib-ccxt-v2@0.2.13
71 error notsup Required: {"node":">=14.0.0 <=16"}
71 error notsup Actual:   {"npm":"10.7.0","node":"v20.14.0"}
72 verbose exit 1
73 verbose code 1
74 silly unfinished npm timer reify 1719146999997
75 silly unfinished npm timer reify:loadTrees 1719147000006
76 error A complete log of this run can be found in: /data/.npm/_logs/2024-06-23T12_49_59_528Z-debug-0.log
